<?xml version='1.0' encoding='UTF-8'?>
<testsuite hostname="Lachezars-MacBook-Pro.local" name="problem2.PromotionsSpec" tests="4" errors="0" failures="0" skipped="0" time="0.026" timestamp="2024-06-18T17:50:36">
          <properties>
      <property name="java.specification.version" value="18"/><property name="sun.jnu.encoding" value="UTF-8"/><property name="sun.arch.data.model" value="64"/><property name="java.vendor.url" value="https://java.oracle.com/"/><property name="sun.boot.library.path" value="/Users/Pufy/Library/Java/JavaVirtualMachines/openjdk-18.0.1.1/Contents/Home/lib"/><property name="sun.java.command" value="/usr/local/Cellar/sbt/1.3.4/libexec/bin/sbt-launch.jar testOnly problem2.*"/><property name="jdk.debug" value="release"/><property name="sun.stderr.encoding" value="UTF-8"/><property name="java.specification.vendor" value="Oracle Corporation"/><property name="java.version.date" value="2022-04-22"/><property name="java.home" value="/Users/Pufy/Library/Java/JavaVirtualMachines/openjdk-18.0.1.1/Contents/Home"/><property name="file.separator" value="/"/><property name="java.vm.compressedOopsMode" value="Zero based"/><property name="line.separator" value="
"/><property name="sun.stdout.encoding" value="UTF-8"/><property name="java.vm.specification.vendor" value="Oracle Corporation"/><property name="java.specification.name" value="Java Platform API Specification"/><property name="sun.management.compiler" value="HotSpot 64-Bit Tiered Compilers"/><property name="java.runtime.version" value="18.0.1.1+2-6"/><property name="user.name" value="Pufy"/><property name="log4j.ignoreTCL" value="true"/><property name="file.encoding" value="UTF-8"/><property name="jnidispatch.path" value="/Users/Pufy/Library/Caches/JNA/temp/jna14020278333727767992.tmp"/><property name="jna.loaded" value="true"/><property name="java.io.tmpdir" value="/var/folders/k3/q8qbp0_973b527hxbjyrl1cw0000gn/T/"/><property name="java.version" value="18.0.1.1"/><property name="java.vm.specification.name" value="Java Virtual Machine Specification"/><property name="native.encoding" value="UTF-8"/><property name="java.library.path" value="/Users/Pufy/Library/Java/Extensions:/Library/Java/Extensions:/Network/Library/Java/Extensions:/System/Library/Java/Extensions:/usr/lib/java:."/><property name="java.vendor" value="Oracle Corporation"/><property name="scala.ext.dirs" value="/Users/Pufy/.sbt/0.13/java9-rt-ext-oracle_corporation_18_0_1_1"/><property name="sun.io.unicode.encoding" value="UnicodeBig"/><property name="socksNonProxyHosts" value="local|*.local|169.254/16|*.169.254/16"/><property name="java.class.path" value="/usr/local/Cellar/sbt/1.3.4/libexec/bin/sbt-launch.jar"/><property name="java.vm.vendor" value="Oracle Corporation"/><property name="jline.shutdownhook" value="false"/><property name="user.timezone" value="America/Chicago"/><property name="java.vm.specification.version" value="18"/><property name="os.name" value="Mac OS X"/><property name="sun.java.launcher" value="SUN_STANDARD"/><property name="user.country" value="US"/><property name="http.nonProxyHosts" value="local|*.local|169.254/16|*.169.254/16"/><property name="sun.cpu.endian" value="little"/><property name="user.home" value="/Users/Pufy"/><property name="user.language" value="en"/><property name="sbt.ipcsocket.tmpdir" value="/var/folders/k3/q8qbp0_973b527hxbjyrl1cw0000gn/T/.sbt5f255f24/ipcsocket"/><property name="swoval.tmpdir" value="/var/folders/k3/q8qbp0_973b527hxbjyrl1cw0000gn/T/.sbt5f255f24/swoval"/><property name="apple.awt.application.name" value="Boot"/><property name="jline.esc.timeout" value="0"/><property name="ftp.nonProxyHosts" value="local|*.local|169.254/16|*.169.254/16"/><property name="path.separator" value=":"/><property name="os.version" value="14.5"/><property name="jna.nosys" value="true"/><property name="java.runtime.name" value="OpenJDK Runtime Environment"/><property name="java.vm.name" value="OpenJDK 64-Bit Server VM"/><property name="jna.platform.library.path" value="/usr/lib:/usr/lib"/><property name="java.vendor.url.bug" value="https://bugreport.java.com/bugreport/"/><property name="user.dir" value="/Users/Pufy/Documents/INTERVIEWS/Scala-TST"/><property name="os.arch" value="x86_64"/><property name="java.vm.info" value="mixed mode, sharing"/><property name="java.vm.version" value="18.0.1.1+2-6"/><property name="java.class.version" value="62.0"/>
    </properties>
          <testcase classname="problem2.PromotionsSpec" name="SampleDataProb2 should not contain null values in its sequence" time="0.01">
                      
                    </testcase><testcase classname="problem2.PromotionsSpec" name="allCombinablePromotions1 should give all combinable promotions" time="0.013">
                      
                    </testcase><testcase classname="problem2.PromotionsSpec" name="allCombinablePromotions2 should handle the case with no conflicts" time="0.001">
                      
                    </testcase><testcase classname="problem2.PromotionsSpec" name="combinablePromotions3 should handle promotions with one that excludes all other promotions" time="0.002">
                      
                    </testcase>
          <system-out><![CDATA[]]></system-out>
          <system-err><![CDATA[]]></system-err>
        </testsuite>